{
  "stats": {
    "suites": 0,
    "tests": 1,
    "passes": 1,
    "pending": 0,
    "failures": 0,
    "start": "2024-10-08T09:03:40.096Z",
    "end": "2024-10-08T09:03:40.617Z",
    "duration": 521,
    "testsRegistered": 1,
    "passPercent": 100,
    "pendingPercent": 0,
    "other": 0,
    "hasOther": false,
    "skipped": 0,
    "hasSkipped": false
  },
  "results": [
    {
      "uuid": "c0f06077-450d-4b4d-9754-b387271a5ffd",
      "title": "",
      "fullFile": "cypress/e2e/store-suite.cy.js",
      "file": "cypress/e2e/store-suite.cy.js",
      "beforeHooks": [],
      "afterHooks": [],
      "tests": [
        {
          "title": "Get inventory successfully",
          "fullTitle": "Get inventory successfully",
          "timedOut": null,
          "duration": 476,
          "state": "passed",
          "speed": "fast",
          "pass": true,
          "fail": false,
          "pending": false,
          "context": null,
          "code": "cy.request({\n  method: 'GET',\n  url: '/store/inventory'\n}).then(response => {\n  expect(response.status).to.eq(200);\n  expect(response.headers).to.have.property('content-type', 'application/json');\n  expect(response.headers).to.have.property('access-control-allow-origin', '*');\n  expect(response.body).to.be.an('object');\n  expect(response.body).to.have.property('AVAILABLE').that.is.a('number');\n  expect(response.body).to.have.property('sold').that.is.a('number');\n  expect(response.body).to.have.property('string').that.is.a('number');\n  expect(response.body).to.have.property('availabe').that.is.a('number');\n  expect(response.body).to.have.property('avaliable').that.is.a('number');\n  expect(response.body).to.have.property('pending').that.is.a('number');\n  expect(response.body).to.have.property('busy').that.is.a('number');\n  expect(response.body).to.have.property('available').that.is.a('number');\n  expect(response.body).to.have.property('Available').that.is.a('number');\n  expect(response.body).to.have.property('status').that.is.a('number');\n});",
          "err": {},
          "uuid": "7bcd4454-e2a9-449b-9e9f-f223769ff865",
          "parentUUID": "c0f06077-450d-4b4d-9754-b387271a5ffd",
          "isHook": false,
          "skipped": false
        }
      ],
      "suites": [],
      "passes": [
        "7bcd4454-e2a9-449b-9e9f-f223769ff865"
      ],
      "failures": [],
      "pending": [],
      "skipped": [],
      "duration": 476,
      "root": true,
      "rootEmpty": false,
      "_timeout": 2000
    }
  ],
  "meta": {
    "mocha": {
      "version": "7.0.1"
    },
    "mochawesome": {
      "options": {
        "quiet": false,
        "reportFilename": "mochawesome",
        "saveHtml": true,
        "saveJson": true,
        "consoleReporter": "spec",
        "useInlineDiffs": false,
        "code": true
      },
      "version": "7.1.3"
    },
    "marge": {
      "options": {
        "id": "default",
        "reportDir": "cypress/reports",
        "overwrite": true,
        "html": true,
        "json": true
      },
      "version": "6.2.0"
    }
  }
}