{
  "stats": {
    "suites": 0,
    "tests": 2,
    "passes": 2,
    "pending": 0,
    "failures": 0,
    "start": "2024-10-08T09:15:42.065Z",
    "end": "2024-10-08T09:15:42.816Z",
    "duration": 751,
    "testsRegistered": 2,
    "passPercent": 100,
    "pendingPercent": 0,
    "other": 0,
    "hasOther": false,
    "skipped": 0,
    "hasSkipped": false
  },
  "results": [
    {
      "uuid": "84b7d320-1603-4925-8ba9-2680a36a8c8b",
      "title": "",
      "fullFile": "cypress/e2e/store-suite.cy.js",
      "file": "cypress/e2e/store-suite.cy.js",
      "beforeHooks": [],
      "afterHooks": [],
      "tests": [
        {
          "title": "Get inventory successfully",
          "fullTitle": "Get inventory successfully",
          "timedOut": null,
          "duration": 520,
          "state": "passed",
          "speed": "fast",
          "pass": true,
          "fail": false,
          "pending": false,
          "context": null,
          "code": "cy.request({\n  method: 'GET',\n  url: '/store/inventory'\n}).then(response => {\n  expect(response.status).to.eq(200);\n  expect(response.headers).to.have.property('content-type', 'application/json');\n  expect(response.headers).to.have.property('access-control-allow-origin', '*');\n  expect(response.body).to.be.an('object');\n  expect(response.body).to.have.property('available').that.is.a('number');\n  expect(response.body).to.have.property('sold').that.is.a('number');\n  expect(response.body).to.have.property('string').that.is.a('number');\n  expect(response.body).to.have.property('availabe').that.is.a('number');\n  expect(response.body).to.have.property('avaliable').that.is.a('number');\n  expect(response.body).to.have.property('pending').that.is.a('number');\n  expect(response.body).to.have.property('busy').that.is.a('number');\n  expect(response.body).to.have.property('available').that.is.a('number');\n  expect(response.body).to.have.property('Available').that.is.a('number');\n  expect(response.body).to.have.property('status').that.is.a('number');\n});",
          "err": {},
          "uuid": "0ed9917f-e76a-4b96-9383-d39e7b823079",
          "parentUUID": "84b7d320-1603-4925-8ba9-2680a36a8c8b",
          "isHook": false,
          "skipped": false
        },
        {
          "title": "Place order successfully",
          "fullTitle": "Place order successfully",
          "timedOut": null,
          "duration": 123,
          "state": "passed",
          "speed": "fast",
          "pass": true,
          "fail": false,
          "pending": false,
          "context": null,
          "code": "cy.fixture('order.json').then(order => {\n  cy.request({\n    method: 'POST',\n    url: '/store/order',\n    body: order,\n    headers: {\n      'Content-Type': 'application/json'\n    }\n  }).then(response => {\n    expect(response.status).to.eq(200);\n    expect(response.headers).to.have.property('content-type', 'application/json');\n    expect(response.headers).to.have.property('access-control-allow-origin', '*');\n    expect(response.body).to.be.an('object');\n    expect(response.body).to.have.property('id').that.is.a('number');\n    expect(response.body).to.have.property('petId', 0);\n    expect(response.body).to.have.property('quantity', 0);\n    expect(response.body).to.have.property('shipDate').that.is.a('string');\n    expect(response.body).to.have.property('status', 'placed');\n    expect(response.body).to.have.property('complete', true);\n  });\n});",
          "err": {},
          "uuid": "141a9ada-a3a3-4cca-b45c-d0900903290a",
          "parentUUID": "84b7d320-1603-4925-8ba9-2680a36a8c8b",
          "isHook": false,
          "skipped": false
        }
      ],
      "suites": [],
      "passes": [
        "0ed9917f-e76a-4b96-9383-d39e7b823079",
        "141a9ada-a3a3-4cca-b45c-d0900903290a"
      ],
      "failures": [],
      "pending": [],
      "skipped": [],
      "duration": 643,
      "root": true,
      "rootEmpty": false,
      "_timeout": 2000
    }
  ],
  "meta": {
    "mocha": {
      "version": "7.0.1"
    },
    "mochawesome": {
      "options": {
        "quiet": false,
        "reportFilename": "mochawesome",
        "saveHtml": true,
        "saveJson": true,
        "consoleReporter": "spec",
        "useInlineDiffs": false,
        "code": true
      },
      "version": "7.1.3"
    },
    "marge": {
      "options": {
        "id": "default",
        "reportDir": "cypress/reports",
        "overwrite": true,
        "html": true,
        "json": true
      },
      "version": "6.2.0"
    }
  }
}